#-----------------------------------------------------------
# Vivado v2018.2 (64-bit)
# SW Build 2258646 on Thu Jun 14 20:03:12 MDT 2018
# IP Build 2256618 on Thu Jun 14 22:10:49 MDT 2018
# Start of session at: Mon Mar 16 14:16:25 2020
# Process ID: 1940
# Current directory: C:/Users/Andrea/Documents/GitHub/FLOG_BFLOAT16/Philo_Algorithm
# Command line: vivado.exe -gui_launcher_event rodinguilauncherevent12324 C:\Users\Andrea\Documents\GitHub\FLOG_BFLOAT16\Philo_Algorithm\Philo_Algorithm.xpr
# Log file: C:/Users/Andrea/Documents/GitHub/FLOG_BFLOAT16/Philo_Algorithm/vivado.log
# Journal file: C:/Users/Andrea/Documents/GitHub/FLOG_BFLOAT16/Philo_Algorithm\vivado.jou
#-----------------------------------------------------------
start_gui
open_project C:/Users/Andrea/Documents/GitHub/FLOG_BFLOAT16/Philo_Algorithm/Philo_Algorithm.xpr
INFO: [Project 1-313] Project file moved from 'C:/Users/Andrea/Desktop/Vivado/FLOG/Philo_Algorithm' since last save.
Scanning sources...
Finished scanning sources
INFO: [IP_Flow 19-234] Refreshing IP repositories
INFO: [IP_Flow 19-1704] No user IP repositories specified
INFO: [IP_Flow 19-2313] Loaded Vivado IP repository 'C:/Xilinx/Vivado/2018.2/data/ip'.
open_project: Time (s): cpu = 00:00:11 ; elapsed = 00:00:07 . Memory (MB): peak = 776.508 ; gain = 54.570
update_compile_order -fileset sources_1
